\BOOKMARK [0][-]{chapter.1}{\332vod}{}% 1
\BOOKMARK [0][-]{chapter.2}{Popis pou\236it\375ch technologi\355}{}% 2
\BOOKMARK [1][-]{section.2.1}{Modbus}{chapter.2}% 3
\BOOKMARK [1][-]{section.2.2}{Programovateln\375 automat \(PLC\)}{chapter.2}% 4
\BOOKMARK [1][-]{section.2.3}{Z-Wave}{chapter.2}% 5
\BOOKMARK [1][-]{section.2.4}{1-Wire}{chapter.2}% 6
\BOOKMARK [1][-]{section.2.5}{ESP8266}{chapter.2}% 7
\BOOKMARK [1][-]{section.2.6}{MQTT}{chapter.2}% 8
\BOOKMARK [0][-]{chapter.3}{Specifikace a volba webov\351ho serveru}{}% 9
\BOOKMARK [1][-]{section.3.1}{Volba webov\351ho serveru}{chapter.3}% 10
\BOOKMARK [1][-]{section.3.2}{Home Assistant}{chapter.3}% 11
\BOOKMARK [0][-]{chapter.4}{N\341vrh syst\351mu a zpusob proveden\355}{}% 12
\BOOKMARK [1][-]{section.4.1}{Popis proveden\355}{chapter.4}% 13
\BOOKMARK [1][-]{section.4.2}{Topologie}{chapter.4}% 14
\BOOKMARK [1][-]{section.4.3}{Pracovn\355 postup}{chapter.4}% 15
\BOOKMARK [1][-]{section.4.4}{Znacen\355 I/O}{chapter.4}% 16
\BOOKMARK [1][-]{section.4.5}{Prenos dat mezi PLC a serverem Home assistant}{chapter.4}% 17
\BOOKMARK [0][-]{chapter.5}{Implementace}{}% 18
\BOOKMARK [1][-]{section.5.1}{Ovl\341d\341n\355 v\375stupu}{chapter.5}% 19
\BOOKMARK [1][-]{section.5.2}{Implementace Modbus roz\235\355ren\355}{chapter.5}% 20
\BOOKMARK [1][-]{section.5.3}{Konfigurace Home Assistantu}{chapter.5}% 21
\BOOKMARK [1][-]{section.5.4}{Scripty a automatizace}{chapter.5}% 22
\BOOKMARK [0][-]{chapter.6}{Overen\355 v praxi}{}% 23
\BOOKMARK [0][-]{chapter.7}{Z\341ver}{}% 24
\BOOKMARK [0][-]{chapter*.10}{Seznam pou\236it\351 literatury}{}% 25
\BOOKMARK [0][-]{appendix.A}{Obsah prilo\236en\351ho CD}{}% 26
